<?xml version="1.1" encoding="UTF-8"?>
<testsuite name="reactor.tcp.syslog.SyslogTcpServerTests" tests="3" failures="0" errors="0" timestamp="2013-11-19T17:10:45" hostname="servidorRespaldo" time="0.001">
  <properties/>
  <ignored-testcase name="testSyslogServer" classname="reactor.tcp.syslog.SyslogTcpServerTests" time="0.0"/>
  <ignored-testcase name="testTcpSyslogServer" classname="reactor.tcp.syslog.SyslogTcpServerTests" time="0.0"/>
  <ignored-testcase name="testExternalServer" classname="reactor.tcp.syslog.SyslogTcpServerTests" time="0.0"/>
  <system-out><![CDATA[]]></system-out>
  <system-err><![CDATA[]]></system-err>
</testsuite>
