<?xml version="1.1" encoding="UTF-8"?>
<testsuite name="reactor.tcp.TcpClientTests" tests="10" failures="0" errors="0" timestamp="1970-01-01T00:00:00" hostname="servidorRespaldo" time="1.384881029203E9">
  <properties/>
  <testcase name="connectionWillRetryConnectionAttemptWhenItFails" classname="reactor.tcp.TcpClientTests" time="7.046"/>
  <testcase name="connectionWillAttemptToReconnectWhenItIsDropped" classname="reactor.tcp.TcpClientTests" time="5.024"/>
  <testcase name="consumerSpecAssignsEventHandlers" classname="reactor.tcp.TcpClientTests" time="11.042"/>
  <testcase name="readIdleDoesNotFireWhileDataIsBeingRead" classname="reactor.tcp.TcpClientTests" time="6.22"/>
  <testcase name="writeIdleDoesNotFireWhileDataIsBeingSent" classname="reactor.tcp.TcpClientTests" time="6.023"/>
  <testcase name="nettyTcpConnectionAcceptsNettyChannelHandlers" classname="reactor.tcp.TcpClientTests" time="5.359"/>
  <testcase name="testTcpClient" classname="reactor.tcp.TcpClientTests" time="5.03"/>
  <testcase name="testTcpClientWithInetSocketAddress" classname="reactor.tcp.TcpClientTests" time="5.011"/>
  <testcase name="tcpClientHandlesLineFeedData" classname="reactor.tcp.TcpClientTests" time="5.048"/>
  <testcase name="closingPromiseIsFulfilled" classname="reactor.tcp.TcpClientTests" time="7.217"/>
  <system-out><![CDATA[12:09:26.515 [Test worker] DEBUG i.n.u.i.l.InternalLoggerFactory - Using SLF4J as the default logging framework
12:09:26.521 [Test worker] DEBUG i.n.c.MultithreadEventLoopGroup - -Dio.netty.eventLoopThreads: 8
12:09:26.529 [Test worker] DEBUG i.n.util.internal.PlatformDependent - UID: 1000
12:09:26.529 [Test worker] DEBUG i.n.util.internal.PlatformDependent - Java version: 7
12:09:26.529 [Test worker] DEBUG i.n.util.internal.PlatformDependent - -Dio.netty.noUnsafe: false
12:09:26.530 [Test worker] DEBUG i.n.util.internal.PlatformDependent0 - java.nio.ByteBuffer.cleaner: available
12:09:26.531 [Test worker] DEBUG i.n.util.internal.PlatformDependent0 - java.nio.Buffer.address: available
12:09:26.531 [Test worker] DEBUG i.n.util.internal.PlatformDependent0 - sun.misc.Unsafe.theUnsafe: available
12:09:26.531 [Test worker] DEBUG i.n.util.internal.PlatformDependent0 - sun.misc.Unsafe.copyMemory: available
12:09:26.531 [Test worker] DEBUG i.n.util.internal.PlatformDependent0 - java.nio.Bits.unaligned: true
12:09:26.531 [Test worker] DEBUG i.n.util.internal.PlatformDependent - sun.misc.Unsafe: available
12:09:26.532 [Test worker] DEBUG i.n.util.internal.PlatformDependent - -Dio.netty.noJavassist: false
12:09:26.533 [Test worker] DEBUG i.n.util.internal.PlatformDependent - Javassist: unavailable
12:09:26.533 [Test worker] DEBUG i.n.util.internal.PlatformDependent - You don't have Javassist in your class path or you don't have enough permission to load dynamically generated classes.  Please check the configuration for better performance.
12:09:26.533 [Test worker] DEBUG i.n.util.internal.PlatformDependent - -Dio.netty.noPreferDirect: false
12:09:26.550 [Test worker] DEBUG io.netty.channel.nio.NioEventLoop - -Dio.netty.noKeySetOptimization: false
12:09:26.550 [Test worker] DEBUG io.netty.channel.nio.NioEventLoop - -Dio.netty.selectorAutoRebuildThreshold: 512
12:09:26.585 [Test worker] DEBUG i.n.util.internal.ThreadLocalRandom - -Dio.netty.initialSeedUniquifier: 0x33a0265cca2a1e3f
12:09:26.638 [reactor-tcp-io-3] INFO  reactor.tcp.netty.NettyTcpClient - Attempting to reconnect to localhost/127.0.0.1:58916 after 100ms
12:09:26.707 [reactor-tcp-io-4] INFO  reactor.tcp.netty.NettyTcpClient - Attempting to reconnect to localhost/127.0.0.1:58916 after 500ms
12:09:27.209 [reactor-tcp-io-5] INFO  reactor.tcp.netty.NettyTcpClient - Attempting to reconnect to localhost/127.0.0.1:58916 after 1000ms
12:09:28.213 [reactor-tcp-io-6] ERROR reactor.tcp.netty.NettyTcpClient - Reconnection to localhost/127.0.0.1:58916 failed after 3 attempts.
12:09:28.222 [ringBuffer-ringbuffer-2] ERROR reactor.core.Reactor - Conexión rehusada: localhost/127.0.0.1:58916
java.net.ConnectException: Conexión rehusada: localhost/127.0.0.1:58916
	at sun.nio.ch.SocketChannelImpl.checkConnect(Native Method) ~[na:1.7.0_40]
	at sun.nio.ch.SocketChannelImpl.finishConnect(SocketChannelImpl.java:735) ~[na:1.7.0_40]
	at io.netty.channel.socket.nio.NioSocketChannel.doFinishConnect(NioSocketChannel.java:191) ~[netty-all-4.0.11.Final.jar:na]
	at io.netty.channel.nio.AbstractNioChannel$AbstractNioUnsafe.finishConnect(AbstractNioChannel.java:228) ~[netty-all-4.0.11.Final.jar:na]
	at io.netty.channel.nio.NioEventLoop.processSelectedKey(NioEventLoop.java:502) ~[netty-all-4.0.11.Final.jar:na]
	at io.netty.channel.nio.NioEventLoop.processSelectedKeysOptimized(NioEventLoop.java:452) ~[netty-all-4.0.11.Final.jar:na]
	at io.netty.channel.nio.NioEventLoop.run(NioEventLoop.java:346) ~[netty-all-4.0.11.Final.jar:na]
	at io.netty.util.concurrent.SingleThreadEventExecutor$2.run(SingleThreadEventExecutor.java:101) ~[netty-all-4.0.11.Final.jar:na]
	at java.lang.Thread.run(Thread.java:724) [na:1.7.0_40]
12:09:33.235 [reactor-tcp-io-9] INFO  reactor.tcp.netty.NettyTcpClient - CONNECT: [id: 0x89ede8ae, /127.0.0.1:33347 => localhost/127.0.0.1:44973]
12:09:33.243 [reactor-tcp-io-9] DEBUG io.netty.util.ResourceLeakDetector - -Dio.netty.noResourceLeakDetection: false
12:09:33.245 [reactor-tcp-io-9] INFO  reactor.tcp.netty.NettyTcpClient - CLOSED: [id: 0x89ede8ae, /127.0.0.1:33347 :> localhost/127.0.0.1:44973]
12:09:38.278 [reactor-tcp-io-15] INFO  reactor.tcp.netty.NettyTcpClient - CONNECT: [id: 0x9da908fc, /127.0.0.1:41032 => localhost/127.0.0.1:39859]
12:09:49.307 [reactor-tcp-io-21] INFO  reactor.tcp.netty.NettyTcpClient - CONNECT: [id: 0x822b5604, /127.0.0.1:53696 => localhost/127.0.0.1:10297]
12:09:55.526 [reactor-tcp-io-27] INFO  reactor.tcp.netty.NettyTcpClient - CONNECT: [id: 0x29dd4324, /127.0.0.1:58024 => localhost/127.0.0.1:2813]
12:09:56.535 [reactor-tcp-io-27] INFO  reactor.tcp.netty.NettyTcpClient - CLOSED: [id: 0x29dd4324, /127.0.0.1:58024 :> localhost/127.0.0.1:2813]
12:10:01.753 [reactor-tcp-io-33] INFO  reactor.tcp.netty.NettyTcpClient - CONNECT: [id: 0x41ee4556, /10.42.0.49:57004 => www.google.com/74.125.29.106:80]
resp: DefaultHttpResponse(decodeResult: success)
HTTP/1.1 302 Found
Location: http://www.google.com.co/?gws_rd=cr&ei=aZuLUobjNO7IsASTq4KQDw
Cache-Control: private
Content-Type: text/html; charset=UTF-8
Set-Cookie: PREF=ID=74be326f426cccba:FF=0:TM=1384881001:LM=1384881001:S=VQpvgwvrpkq9-FLV; expires=Thu, 19-Nov-2015 17:10:01 GMT; path=/; domain=.google.com
Set-Cookie: NID=67=qjZR2P9kX8jOV_GpaZTnxqPrGfBUjEFHO8sFBghPyz2h-gLgU7wH8PV2rKj8VGcZCFygH4GeeWYVuer2UVYYVdmq9GNuEelxHyo2ZB85M4b01qnPnZPDLpgsnFE4v_Um; expires=Wed, 21-May-2014 17:10:01 GMT; path=/; domain=.google.com; HttpOnly
P3P: CP="This is not a P3P policy! See http://www.google.com/support/accounts/bin/answer.py?hl=en&answer=151657 for more info."
Date: Tue, 19 Nov 2013 17:10:01 GMT
Server: gws
Content-Length: 262
X-XSS-Protection: 1; mode=block
X-Frame-Options: SAMEORIGIN
Alternate-Protocol: 80:quic
12:10:06.916 [reactor-tcp-io-39] INFO  reactor.tcp.netty.NettyTcpClient - CONNECT: [id: 0x08bb099e, /127.0.0.1:55398 => localhost/127.0.0.1:16410]
12:10:06.926 [reactor-tcp-io-39] INFO  reactor.tcp.netty.NettyTcpClient - CLOSED: [id: 0x08bb099e, /127.0.0.1:55398 :> localhost/127.0.0.1:16410]
12:10:11.932 [reactor-tcp-io-45] INFO  reactor.tcp.netty.NettyTcpClient - CONNECT: [id: 0x6dd61aaa, /127.0.0.1:50400 => localhost/127.0.0.1:36882]
12:10:11.937 [reactor-tcp-io-45] INFO  reactor.tcp.netty.NettyTcpClient - CLOSED: [id: 0x6dd61aaa, /127.0.0.1:50400 :> localhost/127.0.0.1:36882]
12:10:16.953 [reactor-tcp-io-51] INFO  reactor.tcp.netty.NettyTcpClient - CONNECT: [id: 0xe4680b87, /127.0.0.1:59004 => localhost/127.0.0.1:52938]
12:10:16.985 [reactor-tcp-io-51] INFO  reactor.tcp.netty.NettyTcpClient - CLOSED: [id: 0xe4680b87, /127.0.0.1:59004 :> localhost/127.0.0.1:52938]
]]></system-out>
  <system-err><![CDATA[]]></system-err>
</testsuite>
