<?xml version="1.1" encoding="UTF-8"?>
<testsuite name="reactor.tcp.netty.NettyTcpServerSpec" tests="2" failures="0" errors="0" timestamp="1970-01-01T00:00:00" hostname="servidorRespaldo" time="1.384881050471E9">
  <properties/>
  <testcase name="NettyTcpServer responds to requests from clients" classname="reactor.tcp.netty.NettyTcpServerSpec" time="2.288"/>
  <testcase name="NettyTcpServer can encode and decode JSON" classname="reactor.tcp.netty.NettyTcpServerSpec" time="2.234"/>
  <system-out><![CDATA[12:10:45.980 [reactor-tcp-select-111] INFO  reactor.tcp.netty.NettyTcpServer - BIND /0:0:0:0:0:0:0:0:26874
12:10:46.011 [reactor-tcp-io-113] DEBUG reactor.tcp.netty.NettyTcpServer - CONNECT [id: 0x19f4fcf9, /127.0.0.1:36860 => /127.0.0.1:26874]
12:10:46.073 [reactor-tcp-io-113] DEBUG reactor.tcp.netty.NettyTcpServer - CLOSE [id: 0x19f4fcf9, /127.0.0.1:36860 :> /127.0.0.1:26874]
12:10:48.254 [reactor-tcp-select-119] INFO  reactor.tcp.netty.NettyTcpServer - BIND /0:0:0:0:0:0:0:0:26874
12:10:48.256 [reactor-tcp-io-121] DEBUG reactor.tcp.netty.NettyTcpServer - CONNECT [id: 0xe5ebee5d, /127.0.0.1:36861 => /127.0.0.1:26874]
12:10:48.305 [reactor-tcp-io-121] DEBUG reactor.tcp.netty.NettyTcpServer - CLOSE [id: 0xe5ebee5d, /127.0.0.1:36861 :> /127.0.0.1:26874]
]]></system-out>
  <system-err><![CDATA[]]></system-err>
</testsuite>
