<?xml version="1.1" encoding="UTF-8"?>
<testsuite name="reactor.tcp.encoding.json.JsonCodecSpec" tests="2" failures="0" errors="0" timestamp="2013-11-19T17:10:45" hostname="servidorRespaldo" time="0.044">
  <properties/>
  <testcase name="JSON can be decoded into a Map" classname="reactor.tcp.encoding.json.JsonCodecSpec" time="0.019"/>
  <testcase name="JSON can be decoded into a JsonNode" classname="reactor.tcp.encoding.json.JsonCodecSpec" time="0.025"/>
  <system-out><![CDATA[]]></system-out>
  <system-err><![CDATA[]]></system-err>
</testsuite>
